<?xml version='1.0' encoding='UTF-8'?>
<testsuite hostname="supovarna.local" name="org.apache.spark.ml.made.StandardScalerTest" tests="7" errors="0" failures="0" skipped="0" time="9.506" timestamp="2023-03-23T17:00:21">
          <properties>
      <property name="java.specification.version" value="17"/><property name="sun.jnu.encoding" value="UTF-8"/><property name="sun.arch.data.model" value="64"/><property name="java.vendor.url" value="https://aws.amazon.com/corretto/"/><property name="sun.boot.library.path" value="/Library/Java/JavaVirtualMachines/amazon-corretto-17.jdk/Contents/Home/lib"/><property name="sun.java.command" value="/opt/homebrew/Cellar/sbt/1.8.2/libexec/bin/sbt-launch.jar test"/><property name="jdk.debug" value="release"/><property name="sun.stderr.encoding" value="UTF-8"/><property name="java.specification.vendor" value="Oracle Corporation"/><property name="java.version.date" value="2022-07-19"/><property name="java.home" value="/Library/Java/JavaVirtualMachines/amazon-corretto-17.jdk/Contents/Home"/><property name="file.separator" value="/"/><property name="java.vm.compressedOopsMode" value="Zero based"/><property name="line.separator" value="
"/><property name="sun.stdout.encoding" value="UTF-8"/><property name="java.vm.specification.vendor" value="Oracle Corporation"/><property name="java.specification.name" value="Java Platform API Specification"/><property name="sun.management.compiler" value="HotSpot 64-Bit Tiered Compilers"/><property name="java.runtime.version" value="17.0.4+8-LTS"/><property name="user.name" value="jana"/><property name="log4j.ignoreTCL" value="true"/><property name="file.encoding" value="UTF-8"/><property name="java.vendor.version" value="Corretto-17.0.4.8.1"/><property name="java.io.tmpdir" value="/var/folders/sv/p9rs11c92tb3nwjdsqq8ggxw0000gn/T/"/><property name="java.version" value="17.0.4"/><property name="java.vm.specification.name" value="Java Virtual Machine Specification"/><property name="native.encoding" value="UTF-8"/><property name="java.library.path" value="/Users/jana/Library/Java/Extensions:/Library/Java/Extensions:/Network/Library/Java/Extensions:/System/Library/Java/Extensions:/usr/lib/java:."/><property name="java.vendor" value="Amazon.com Inc."/><property name="scala.ext.dirs" value="/Users/jana/.sbt/1.0/java9-rt-ext-amazon_com_inc__17_0_4"/><property name="sun.io.unicode.encoding" value="UnicodeBig"/><property name="socksNonProxyHosts" value="local|*.local|169.254/16|*.169.254/16"/><property name="java.class.path" value="/opt/homebrew/Cellar/sbt/1.8.2/libexec/bin/sbt-launch.jar"/><property name="java.vm.vendor" value="Amazon.com Inc."/><property name="jline.shutdownhook" value="false"/><property name="user.timezone" value="Europe/Minsk"/><property name="java.vm.specification.version" value="17"/><property name="os.name" value="Mac OS X"/><property name="sun.java.launcher" value="SUN_STANDARD"/><property name="user.country" value="BY"/><property name="http.nonProxyHosts" value="local|*.local|169.254/16|*.169.254/16"/><property name="sun.cpu.endian" value="little"/><property name="user.home" value="/Users/jana"/><property name="user.language" value="en"/><property name="sbt.script" value="/opt/homebrew/Cellar/sbt/1.8.2/libexec/bin/sbt"/><property name="sbt.ipcsocket.tmpdir" value="/var/folders/sv/p9rs11c92tb3nwjdsqq8ggxw0000gn/T/.sbt1ca4fa58/ipcsocket"/><property name="swoval.tmpdir" value="/var/folders/sv/p9rs11c92tb3nwjdsqq8ggxw0000gn/T/.sbt1ca4fa58/swoval"/><property name="jline.esc.timeout" value="0"/><property name="ftp.nonProxyHosts" value="local|*.local|169.254/16|*.169.254/16"/><property name="path.separator" value=":"/><property name="os.version" value="13.1"/><property name="jna.nosys" value="true"/><property name="java.runtime.name" value="OpenJDK Runtime Environment"/><property name="java.vm.name" value="OpenJDK 64-Bit Server VM"/><property name="java.vendor.url.bug" value="https://github.com/corretto/corretto-17/issues/"/><property name="user.dir" value="/Users/jana/Documents/Study/MADE/2 term/spark"/><property name="os.arch" value="aarch64"/><property name="java.vm.info" value="mixed mode, sharing"/><property name="java.vm.version" value="17.0.4+8-LTS"/><property name="java.class.version" value="61.0"/>
    </properties>
          <testcase classname="org.apache.spark.ml.made.StandardScalerTest" name="Model should scale input data" time="7.304">
                      
                    </testcase><testcase classname="org.apache.spark.ml.made.StandardScalerTest" name="Model should scale input data without mean subtraction" time="0.022">
                      
                    </testcase><testcase classname="org.apache.spark.ml.made.StandardScalerTest" name="Estimator should calculate means" time="0.484">
                      
                    </testcase><testcase classname="org.apache.spark.ml.made.StandardScalerTest" name="Estimator should calculate stds" time="0.048">
                      
                    </testcase><testcase classname="org.apache.spark.ml.made.StandardScalerTest" name="Estimator should should produce functional model" time="0.066">
                      
                    </testcase><testcase classname="org.apache.spark.ml.made.StandardScalerTest" name="Estimator should work after re-read" time="0.481">
                      
                    </testcase><testcase classname="org.apache.spark.ml.made.StandardScalerTest" name="Model should work after re-read" time="1.101">
                      
                    </testcase>
          <system-out><![CDATA[]]></system-out>
          <system-err><![CDATA[]]></system-err>
        </testsuite>